<?xml version="1.0" encoding="UTF-8"?>
<testng-results ignored="0" total="1" passed="1" failed="0" skipped="0">
  <reporter-output>
  </reporter-output>
  <suite started-at="2023-04-04T16:31:58Z" name="Suite" finished-at="2023-04-04T16:32:02Z" duration-ms="3718">
    <groups>
    </groups>
    <test started-at="2023-04-04T16:31:58Z" name="Test" finished-at="2023-04-04T16:32:02Z" duration-ms="3718">
      <class name="com.stc.testMay20231.NewTest">
        <test-method signature="f()[pri:0, instance:com.stc.testMay20231.NewTest@28f3b248]" started-at="2023-04-04T16:31:58Z" name="f" finished-at="2023-04-04T16:32:02Z" duration-ms="3701" status="PASS">
          <reporter-output>
          </reporter-output>
        </test-method> <!-- f -->
      </class> <!-- com.stc.testMay20231.NewTest -->
    </test> <!-- Test -->
  </suite> <!-- Suite -->
</testng-results>
