<?xml version="1.0" encoding="UTF-8"?>
<testng-results ignored="0" total="1" passed="1" failed="0" skipped="0">
  <reporter-output>
  </reporter-output>
  <suite started-at="2023-04-04T21:59:21 IST" name="Suite" finished-at="2023-04-04T21:59:25 IST" duration-ms="3637">
    <groups>
    </groups>
    <test started-at="2023-04-04T21:59:21 IST" name="Test" finished-at="2023-04-04T21:59:25 IST" duration-ms="3637">
      <class name="com.stc.testMay20231.NewTest">
        <test-method signature="f()[pri:0, instance:com.stc.testMay20231.NewTest@4c9f8c13]" started-at="2023-04-04T21:59:21 IST" name="f" finished-at="2023-04-04T21:59:25 IST" duration-ms="3614" status="PASS">
          <reporter-output>
          </reporter-output>
        </test-method> <!-- f -->
      </class> <!-- com.stc.testMay20231.NewTest -->
    </test> <!-- Test -->
  </suite> <!-- Suite -->
</testng-results>
